The target system is: Generic - 2.3.0 - arm
The host system is: Linux - 5.6.16-1-MANJARO - x86_64
Compiling the C compiler identification source file "CMakeCCompilerId.c" succeeded.
Compiler: /home/jolu/zephyr-sdk/arm-zephyr-eabi/bin/arm-zephyr-eabi-gcc 
Build flags: 
Id flags: -c 

The output was:
0


Compilation of the C compiler identification source "CMakeCCompilerId.c" produced "CMakeCCompilerId.o"

The C compiler identification is GNU, found in "/home/jolu/ncs/TF_NCS_dev/tensorflow_hello_world/build/spm/CMakeFiles/3.17.3/CompilerIdC/CMakeCCompilerId.o"

Compiling the CXX compiler identification source file "CMakeCXXCompilerId.cpp" succeeded.
Compiler: /home/jolu/zephyr-sdk/arm-zephyr-eabi/bin/arm-zephyr-eabi-g++ 
Build flags: 
Id flags: -c 

The output was:
0


Compilation of the CXX compiler identification source "CMakeCXXCompilerId.cpp" produced "CMakeCXXCompilerId.o"

The CXX compiler identification is GNU, found in "/home/jolu/ncs/TF_NCS_dev/tensorflow_hello_world/build/spm/CMakeFiles/3.17.3/CompilerIdCXX/CMakeCXXCompilerId.o"

Checking whether the ASM compiler is GNU using "--version" matched "(GNU assembler)|(GCC)|(Free Software Foundation)":
arm-zephyr-eabi-gcc (crosstool-NG 1.24.0.37-3f461da-dirty) 9.2.0
Copyright (C) 2019 Free Software Foundation, Inc.
This is free software; see the source for copying conditions.  There is NO
warranty; not even for MERCHANTABILITY or FITNESS FOR A PARTICULAR PURPOSE.

Performing C SOURCE FILE Test check_C__nostartfiles__nostdlib__isystem___home_jolu_zephyr_sdk_arm_zephyr_eabi_bin____lib_gcc_arm_zephyr_eabi_9_2_0_include___isystem___home_jolu_zephyr_sdk_arm_zephyr_eabi_bin____lib_gcc_arm_zephyr_eabi_9_2_0_include_fixed___Wl___unresolved_symbols_ignore_in_object_files__Wl___entry_0__Wl___out_implib__home_jolu_ncs_TF_NCS_dev_tensorflow_hello_world_build_spm_libspmsecureentries_a succeeded with the following output:
Change Dir: /home/jolu/ncs/TF_NCS_dev/tensorflow_hello_world/build/spm/CMakeFiles/CMakeTmp

Run Build Command(s):/usr/bin/ninja cmTC_93cb1 && [1/2] Building C object CMakeFiles/cmTC_93cb1.dir/src.c.obj
[2/2] Linking C executable cmTC_93cb1


Source file was:
int main(void) { return 0; }
